C51 COMPILER V9.52.0.0   UART                                                              06/23/2015 02:10:08 PAGE 1   


C51 COMPILER V9.52.0.0, COMPILATION OF MODULE UART
OBJECT MODULE PLACED IN uart.OBJ
COMPILER INVOKED BY: C:\Keil_v5\C51\BIN\C51.EXE uart.c LARGE OPTIMIZE(8,SPEED) BROWSE DEBUG OBJECTEXTEND TABS(2)

line level    source

   1          /*! 
   2          
   3           * @file    uart.h
   4           * @brief   Uart header file driver 
   5           * @author  Ahmed Nasr Eldin 
   6           * @date    20/6/2015
   7           * @version 1.0
   8          */
   9          /*********************************************************************************************************
             -*********************
  10                                             included files
  11          **********************************************************************************************************
             -********************/
  12          
  13          #include "uart.h"
  14          
  15          void UART_Init(void) {    
  16   1      SCON  = 0x50;                         /**initalize uart to the following uart mode 1, 8-bit enable recieve
             -*/   
  17   1      TMOD |= 0x20;                      /** using timer for generate 9600 baud by the following*/ 
  18   1                                               /** TMOD: timer 1, mode 2, 8-bit auto reload*/  
  19   1      TH1   = 0xFD;                   /** TH1:  reload value for 9600 baud @ 11.0592MHz*/   
  20   1      TR1   = 1;                                     /* start  timer 1*/   
  21   1      }
  22          
  23          /*uart transmission function */
  24          void UART_Tx(unsigned char x) {           /**function paramaters(x)is character to be sent to uart*/
  25   1      SBUF=x;                                 //place value to be sent in buffer
  26   1      while (TI==0);                           // wait till flag becom 1
  27   1      TI=0;                                  //clear the flag
  28   1      }
  29          unsigned char UART_Rx(void)
  30          {
  31   1      while(RI==0);
  32   1        RI=0;                           /*Clear The Flag */
  33   1      return (unsigned char)SBUF ;
  34   1        
  35   1      }
  36          void UART_SendString(unsigned char * str){       /**function paramaters is(*str) pointer to character to b
             -e sent to uart*/
  37   1         while(*str!='\0'){                       //sending data till finding null terminato 
  38   2          UART_Tx(*str++) ;                                 // value to be sent
  39   2          
  40   2                                                              //go to next character 
  41   2         }
  42   1       }
  43          void UART_RecieveString(unsigned char * str )
  44          {
  45   1      do {
  46   2      
  47   2        *str=UART_Rx() ;
  48   2        UART_Tx(*str);
  49   2          }while(*str++!=13) ;
  50   1      *str='\0';                        /*Put Null Terminator at End of String */
  51   1      }
C51 COMPILER V9.52.0.0   UART                                                              06/23/2015 02:10:08 PAGE 2   



MODULE INFORMATION:   STATIC OVERLAYABLE
   CODE SIZE        =    163    ----
   CONSTANT SIZE    =   ----    ----
   XDATA SIZE       =   ----       6
   PDATA SIZE       =   ----    ----
   DATA SIZE        =   ----    ----
   IDATA SIZE       =   ----    ----
   BIT SIZE         =   ----    ----
END OF MODULE INFORMATION.


C51 COMPILATION COMPLETE.  0 WARNING(S),  0 ERROR(S)
